# JRE version: Java(TM) SE Runtime Environment (8.0_241-b07) (build 1.8.0_241-b07)
# Java VM: Java HotSpot(TM) 64-Bit Server VM (25.241-b07 mixed mode windows-amd64 compressed oops)
Heap:
 PSYoungGen      total 417280K, used 313544K [0x000000076b500000, 0x0000000785f00000, 0x00000007c0000000)
  eden space 399872K, 78% used [0x000000076b500000,0x000000077e732210,0x0000000783b80000)
  from space 17408K, 0% used [0x0000000784d00000,0x0000000784d00000,0x0000000785e00000)
  to   space 17920K, 0% used [0x0000000783b80000,0x0000000783b80000,0x0000000784d00000)
 ParOldGen       total 160256K, used 27946K [0x00000006c1e00000, 0x00000006cba80000, 0x000000076b500000)
  object space 160256K, 17% used [0x00000006c1e00000,0x00000006c394aa40,0x00000006cba80000)
 Metaspace       used 52451K, capacity 53402K, committed 53632K, reserved 1095680K
  class space    used 6553K, capacity 6772K, committed 6784K, reserved 1048576K
GC Heap History (10 events):
Event: 2657.647 GC heap before
{Heap before GC invocations=10 (full 2):
 PSYoungGen      total 222720K, used 193602K [0x000000076b500000, 0x000000077f700000, 0x00000007c0000000)
  eden space 206848K, 85% used [0x000000076b500000,0x0000000776297af0,0x0000000777f00000)
  from space 15872K, 99% used [0x0000000777f00000,0x0000000778e78e10,0x0000000778e80000)
  to   space 18432K, 0% used [0x000000077e500000,0x000000077e500000,0x000000077f700000)
 ParOldGen       total 160256K, used 25600K [0x00000006c1e00000, 0x00000006cba80000, 0x000000076b500000)
  object space 160256K, 15% used [0x00000006c1e00000,0x00000006c37003b8,0x00000006cba80000)
 Metaspace       used 50582K, capacity 51152K, committed 51456K, reserved 1093632K
  class space    used 6448K, capacity 6593K, committed 6656K, reserved 1048576K
Event: 2657.667 GC heap after
Heap after GC invocations=10 (full 2):
 PSYoungGen      total 309248K, used 12251K [0x000000076b500000, 0x000000077f500000, 0x00000007c0000000)
  eden space 292864K, 0% used [0x000000076b500000,0x000000076b500000,0x000000077d300000)
  from space 16384K, 74% used [0x000000077e500000,0x000000077f0f6f40,0x000000077f500000)
  to   space 17408K, 0% used [0x000000077d300000,0x000000077d300000,0x000000077e400000)
 ParOldGen       total 160256K, used 25608K [0x00000006c1e00000, 0x00000006cba80000, 0x000000076b500000)
  object space 160256K, 15% used [0x00000006c1e00000,0x00000006c37023b8,0x00000006cba80000)
 Metaspace       used 50582K, capacity 51152K, committed 51456K, reserved 1093632K
  class space    used 6448K, capacity 6593K, committed 6656K, reserved 1048576K
}
Event: 2657.667 GC heap before
{Heap before GC invocations=11 (full 3):
 PSYoungGen      total 309248K, used 12251K [0x000000076b500000, 0x000000077f500000, 0x00000007c0000000)
  eden space 292864K, 0% used [0x000000076b500000,0x000000076b500000,0x000000077d300000)
  from space 16384K, 74% used [0x000000077e500000,0x000000077f0f6f40,0x000000077f500000)
  to   space 17408K, 0% used [0x000000077d300000,0x000000077d300000,0x000000077e400000)
 ParOldGen       total 160256K, used 25608K [0x00000006c1e00000, 0x00000006cba80000, 0x000000076b500000)
  object space 160256K, 15% used [0x00000006c1e00000,0x00000006c37023b8,0x00000006cba80000)
 Metaspace       used 50582K, capacity 51152K, committed 51456K, reserved 1093632K
  class space    used 6448K, capacity 6593K, committed 6656K, reserved 1048576K
Event: 2657.887 GC heap after
Heap after GC invocations=11 (full 3):
 PSYoungGen      total 309248K, used 0K [0x000000076b500000, 0x000000077f500000, 0x00000007c0000000)
  eden space 292864K, 0% used [0x000000076b500000,0x000000076b500000,0x000000077d300000)
  from space 16384K, 0% used [0x000000077e500000,0x000000077e500000,0x000000077f500000)
  to   space 17408K, 0% used [0x000000077d300000,0x000000077d300000,0x000000077e400000)
 ParOldGen       total 160256K, used 28239K [0x00000006c1e00000, 0x00000006cba80000, 0x000000076b500000)
  object space 160256K, 17% used [0x00000006c1e00000,0x00000006c3993f80,0x00000006cba80000)
 Metaspace       used 50559K, capacity 51116K, committed 51456K, reserved 1093632K
  class space    used 6445K, capacity 6587K, committed 6656K, reserved 1048576K
}
Event: 2751.289 GC heap before
{Heap before GC invocations=12 (full 3):
 PSYoungGen      total 309248K, used 292864K [0x000000076b500000, 0x000000077f500000, 0x00000007c0000000)
  eden space 292864K, 100% used [0x000000076b500000,0x000000077d300000,0x000000077d300000)
  from space 16384K, 0% used [0x000000077e500000,0x000000077e500000,0x000000077f500000)
  to   space 17408K, 0% used [0x000000077d300000,0x000000077d300000,0x000000077e400000)
 ParOldGen       total 160256K, used 28239K [0x00000006c1e00000, 0x00000006cba80000, 0x000000076b500000)
  object space 160256K, 17% used [0x00000006c1e00000,0x00000006c3993f80,0x00000006cba80000)
 Metaspace       used 51523K, capacity 52340K, committed 52608K, reserved 1095680K
  class space    used 6506K, capacity 6703K, committed 6784K, reserved 1048576K
Event: 2751.298 GC heap after
Heap after GC invocations=12 (full 3):
 PSYoungGen      total 310272K, used 9865K [0x000000076b500000, 0x0000000785e00000, 0x00000007c0000000)
  eden space 292864K, 0% used [0x000000076b500000,0x000000076b500000,0x000000077d300000)
  from space 17408K, 56% used [0x000000077d300000,0x000000077dca2768,0x000000077e400000)
  to   space 17408K, 0% used [0x0000000784d00000,0x0000000784d00000,0x0000000785e00000)
 ParOldGen       total 160256K, used 28247K [0x00000006c1e00000, 0x00000006cba80000, 0x000000076b500000)
  object space 160256K, 17% used [0x00000006c1e00000,0x00000006c3995f80,0x00000006cba80000)
 Metaspace       used 51523K, capacity 52340K, committed 52608K, reserved 1095680K
  class space    used 6506K, capacity 6703K, committed 6784K, reserved 1048576K
}
Event: 2949.116 GC heap before
{Heap before GC invocations=13 (full 3):
 PSYoungGen      total 310272K, used 77114K [0x000000076b500000, 0x0000000785e00000, 0x00000007c0000000)
  eden space 292864K, 22% used [0x000000076b500000,0x000000076f6ac1a0,0x000000077d300000)
  from space 17408K, 56% used [0x000000077d300000,0x000000077dca2768,0x000000077e400000)
  to   space 17408K, 0% used [0x0000000784d00000,0x0000000784d00000,0x0000000785e00000)
 ParOldGen       total 160256K, used 28247K [0x00000006c1e00000, 0x00000006cba80000, 0x000000076b500000)
  object space 160256K, 17% used [0x00000006c1e00000,0x00000006c3995f80,0x00000006cba80000)
 Metaspace       used 51774K, capacity 52650K, committed 52864K, reserved 1095680K
  class space    used 6516K, capacity 6713K, committed 6784K, reserved 1048576K
Event: 2949.127 GC heap after
Heap after GC invocations=13 (full 3):
 PSYoungGen      total 417280K, used 5048K [0x000000076b500000, 0x0000000785f00000, 0x00000007c0000000)
  eden space 399872K, 0% used [0x000000076b500000,0x000000076b500000,0x0000000783b80000)
  from space 17408K, 29% used [0x0000000784d00000,0x00000007851ee170,0x0000000785e00000)
  to   space 17920K, 0% used [0x0000000783b80000,0x0000000783b80000,0x0000000784d00000)
 ParOldGen       total 160256K, used 28255K [0x00000006c1e00000, 0x00000006cba80000, 0x000000076b500000)
  object space 160256K, 17% used [0x00000006c1e00000,0x00000006c3997f80,0x00000006cba80000)
 Metaspace       used 51774K, capacity 52650K, committed 52864K, reserved 1095680K
  class space    used 6516K, capacity 6713K, committed 6784K, reserved 1048576K
}
Event: 2949.127 GC heap before
{Heap before GC invocations=14 (full 4):
 PSYoungGen      total 417280K, used 5048K [0x000000076b500000, 0x0000000785f00000, 0x00000007c0000000)
  eden space 399872K, 0% used [0x000000076b500000,0x000000076b500000,0x0000000783b80000)
  from space 17408K, 29% used [0x0000000784d00000,0x00000007851ee170,0x0000000785e00000)
  to   space 17920K, 0% used [0x0000000783b80000,0x0000000783b80000,0x0000000784d00000)
 ParOldGen       total 160256K, used 28255K [0x00000006c1e00000, 0x00000006cba80000, 0x000000076b500000)
  object space 160256K, 17% used [0x00000006c1e00000,0x00000006c3997f80,0x00000006cba80000)
 Metaspace       used 51774K, capacity 52650K, committed 52864K, reserved 1095680K
  class space    used 6516K, capacity 6713K, committed 6784K, reserved 1048576K
Event: 2949.284 GC heap after
Heap after GC invocations=14 (full 4):
 PSYoungGen      total 417280K, used 0K [0x000000076b500000, 0x0000000785f00000, 0x00000007c0000000)
  eden space 399872K, 0% used [0x000000076b500000,0x000000076b500000,0x0000000783b80000)
  from space 17408K, 0% used [0x0000000784d00000,0x0000000784d00000,0x0000000785e00000)
  to   space 17920K, 0% used [0x0000000783b80000,0x0000000783b80000,0x0000000784d00000)
 ParOldGen       total 160256K, used 27946K [0x00000006c1e00000, 0x00000006cba80000, 0x000000076b500000)
  object space 160256K, 17% used [0x00000006c1e00000,0x00000006c394aa40,0x00000006cba80000)
 Metaspace       used 51748K, capacity 52608K, committed 52864K, reserved 1095680K
  class space    used 6512K, capacity 6705K, committed 6784K, reserved 1048576K
}

