# JRE version: Java(TM) SE Runtime Environment (8.0_241-b07) (build 1.8.0_241-b07)
# Java VM: Java HotSpot(TM) 64-Bit Server VM (25.241-b07 mixed mode windows-amd64 compressed oops)
Heap:
 PSYoungGen      total 230912K, used 116642K [0x000000076b500000, 0x0000000780780000, 0x00000007c0000000)
  eden space 215040K, 46% used [0x000000076b500000,0x0000000771769638,0x0000000778700000)
  from space 15872K, 99% used [0x0000000778700000,0x000000077967f2d8,0x0000000779680000)
  to   space 18432K, 0% used [0x000000077f580000,0x000000077f580000,0x0000000780780000)
 ParOldGen       total 152576K, used 25310K [0x00000006c1e00000, 0x00000006cb300000, 0x000000076b500000)
  object space 152576K, 16% used [0x00000006c1e00000,0x00000006c36b79b0,0x00000006cb300000)
 Metaspace       used 51045K, capacity 51596K, committed 52096K, reserved 1095680K
  class space    used 6532K, capacity 6682K, committed 6784K, reserved 1048576K
GC Heap History (10 events):
Event: 1.612 GC heap before
{Heap before GC invocations=5 (full 1):
 PSYoungGen      total 141824K, used 10220K [0x000000076b500000, 0x0000000774a00000, 0x00000007c0000000)
  eden space 131072K, 0% used [0x000000076b500000,0x000000076b500000,0x0000000773500000)
  from space 10752K, 95% used [0x0000000773f80000,0x000000077497b268,0x0000000774a00000)
  to   space 10752K, 0% used [0x0000000773500000,0x0000000773500000,0x0000000773f80000)
 ParOldGen       total 175104K, used 3858K [0x00000006c1e00000, 0x00000006cc900000, 0x000000076b500000)
  object space 175104K, 2% used [0x00000006c1e00000,0x00000006c21c4b48,0x00000006cc900000)
 Metaspace       used 20778K, capacity 21160K, committed 21296K, reserved 1069056K
  class space    used 2568K, capacity 2683K, committed 2688K, reserved 1048576K
Event: 1.641 GC heap after
Heap after GC invocations=5 (full 1):
 PSYoungGen      total 141824K, used 0K [0x000000076b500000, 0x0000000774a00000, 0x00000007c0000000)
  eden space 131072K, 0% used [0x000000076b500000,0x000000076b500000,0x0000000773500000)
  from space 10752K, 0% used [0x0000000773f80000,0x0000000773f80000,0x0000000774a00000)
  to   space 10752K, 0% used [0x0000000773500000,0x0000000773500000,0x0000000773f80000)
 ParOldGen       total 97792K, used 10397K [0x00000006c1e00000, 0x00000006c7d80000, 0x000000076b500000)
  object space 97792K, 10% used [0x00000006c1e00000,0x00000006c28277b0,0x00000006c7d80000)
 Metaspace       used 20778K, capacity 21160K, committed 21296K, reserved 1069056K
  class space    used 2568K, capacity 2683K, committed 2688K, reserved 1048576K
}
Event: 2.830 GC heap before
{Heap before GC invocations=6 (full 1):
 PSYoungGen      total 141824K, used 131057K [0x000000076b500000, 0x0000000774a00000, 0x00000007c0000000)
  eden space 131072K, 99% used [0x000000076b500000,0x00000007734fc460,0x0000000773500000)
  from space 10752K, 0% used [0x0000000773f80000,0x0000000773f80000,0x0000000774a00000)
  to   space 10752K, 0% used [0x0000000773500000,0x0000000773500000,0x0000000773f80000)
 ParOldGen       total 97792K, used 10397K [0x00000006c1e00000, 0x00000006c7d80000, 0x000000076b500000)
  object space 97792K, 10% used [0x00000006c1e00000,0x00000006c28277b0,0x00000006c7d80000)
 Metaspace       used 27403K, capacity 27834K, committed 28160K, reserved 1073152K
  class space    used 3400K, capacity 3502K, committed 3584K, reserved 1048576K
Event: 2.840 GC heap after
Heap after GC invocations=6 (full 1):
 PSYoungGen      total 141824K, used 9676K [0x000000076b500000, 0x000000077a600000, 0x00000007c0000000)
  eden space 131072K, 0% used [0x000000076b500000,0x000000076b500000,0x0000000773500000)
  from space 10752K, 90% used [0x0000000773500000,0x0000000773e733b0,0x0000000773f80000)
  to   space 13824K, 0% used [0x0000000779880000,0x0000000779880000,0x000000077a600000)
 ParOldGen       total 97792K, used 10405K [0x00000006c1e00000, 0x00000006c7d80000, 0x000000076b500000)
  object space 97792K, 10% used [0x00000006c1e00000,0x00000006c28297b0,0x00000006c7d80000)
 Metaspace       used 27403K, capacity 27834K, committed 28160K, reserved 1073152K
  class space    used 3400K, capacity 3502K, committed 3584K, reserved 1048576K
}
Event: 4.186 GC heap before
{Heap before GC invocations=7 (full 1):
 PSYoungGen      total 141824K, used 128639K [0x000000076b500000, 0x000000077a600000, 0x00000007c0000000)
  eden space 131072K, 90% used [0x000000076b500000,0x000000077292ca18,0x0000000773500000)
  from space 10752K, 90% used [0x0000000773500000,0x0000000773e733b0,0x0000000773f80000)
  to   space 13824K, 0% used [0x0000000779880000,0x0000000779880000,0x000000077a600000)
 ParOldGen       total 97792K, used 10405K [0x00000006c1e00000, 0x00000006c7d80000, 0x000000076b500000)
  object space 97792K, 10% used [0x00000006c1e00000,0x00000006c28297b0,0x00000006c7d80000)
 Metaspace       used 34723K, capacity 35232K, committed 35456K, reserved 1081344K
  class space    used 4252K, capacity 4412K, committed 4480K, reserved 1048576K
Event: 4.197 GC heap after
Heap after GC invocations=7 (full 1):
 PSYoungGen      total 226304K, used 13800K [0x000000076b500000, 0x000000077a600000, 0x00000007c0000000)
  eden space 212480K, 0% used [0x000000076b500000,0x000000076b500000,0x0000000778480000)
  from space 13824K, 99% used [0x0000000779880000,0x000000077a5fa318,0x000000077a600000)
  to   space 15872K, 0% used [0x0000000778700000,0x0000000778700000,0x0000000779680000)
 ParOldGen       total 97792K, used 11388K [0x00000006c1e00000, 0x00000006c7d80000, 0x000000076b500000)
  object space 97792K, 11% used [0x00000006c1e00000,0x00000006c291f2c8,0x00000006c7d80000)
 Metaspace       used 34723K, capacity 35232K, committed 35456K, reserved 1081344K
  class space    used 4252K, capacity 4412K, committed 4480K, reserved 1048576K
}
Event: 4.197 GC heap before
{Heap before GC invocations=8 (full 2):
 PSYoungGen      total 226304K, used 13800K [0x000000076b500000, 0x000000077a600000, 0x00000007c0000000)
  eden space 212480K, 0% used [0x000000076b500000,0x000000076b500000,0x0000000778480000)
  from space 13824K, 99% used [0x0000000779880000,0x000000077a5fa318,0x000000077a600000)
  to   space 15872K, 0% used [0x0000000778700000,0x0000000778700000,0x0000000779680000)
 ParOldGen       total 97792K, used 11388K [0x00000006c1e00000, 0x00000006c7d80000, 0x000000076b500000)
  object space 97792K, 11% used [0x00000006c1e00000,0x00000006c291f2c8,0x00000006c7d80000)
 Metaspace       used 34723K, capacity 35232K, committed 35456K, reserved 1081344K
  class space    used 4252K, capacity 4412K, committed 4480K, reserved 1048576K
Event: 4.300 GC heap after
Heap after GC invocations=8 (full 2):
 PSYoungGen      total 226304K, used 0K [0x000000076b500000, 0x000000077a600000, 0x00000007c0000000)
  eden space 212480K, 0% used [0x000000076b500000,0x000000076b500000,0x0000000778480000)
  from space 13824K, 0% used [0x0000000779880000,0x0000000779880000,0x000000077a600000)
  to   space 15872K, 0% used [0x0000000778700000,0x0000000778700000,0x0000000779680000)
 ParOldGen       total 152576K, used 23680K [0x00000006c1e00000, 0x00000006cb300000, 0x000000076b500000)
  object space 152576K, 15% used [0x00000006c1e00000,0x00000006c35203f0,0x00000006cb300000)
 Metaspace       used 34723K, capacity 35232K, committed 35456K, reserved 1081344K
  class space    used 4252K, capacity 4412K, committed 4480K, reserved 1048576K
}
Event: 5.905 GC heap before
{Heap before GC invocations=9 (full 2):
 PSYoungGen      total 226304K, used 212480K [0x000000076b500000, 0x000000077a600000, 0x00000007c0000000)
  eden space 212480K, 100% used [0x000000076b500000,0x0000000778480000,0x0000000778480000)
  from space 13824K, 0% used [0x0000000779880000,0x0000000779880000,0x000000077a600000)
  to   space 15872K, 0% used [0x0000000778700000,0x0000000778700000,0x0000000779680000)
 ParOldGen       total 152576K, used 23680K [0x00000006c1e00000, 0x00000006cb300000, 0x000000076b500000)
  object space 152576K, 15% used [0x00000006c1e00000,0x00000006c35203f0,0x00000006cb300000)
 Metaspace       used 46453K, capacity 47044K, committed 47488K, reserved 1091584K
  class space    used 5989K, capacity 6158K, committed 6272K, reserved 1048576K
Event: 5.920 GC heap after
Heap after GC invocations=9 (full 2):
 PSYoungGen      total 230912K, used 15868K [0x000000076b500000, 0x0000000780780000, 0x00000007c0000000)
  eden space 215040K, 0% used [0x000000076b500000,0x000000076b500000,0x0000000778700000)
  from space 15872K, 99% used [0x0000000778700000,0x000000077967f2d8,0x0000000779680000)
  to   space 18432K, 0% used [0x000000077f580000,0x000000077f580000,0x0000000780780000)
 ParOldGen       total 152576K, used 25310K [0x00000006c1e00000, 0x00000006cb300000, 0x000000076b500000)
  object space 152576K, 16% used [0x00000006c1e00000,0x00000006c36b79b0,0x00000006cb300000)
 Metaspace       used 46453K, capacity 47044K, committed 47488K, reserved 1091584K
  class space    used 5989K, capacity 6158K, committed 6272K, reserved 1048576K
}

